<?xml version="1.0" encoding="UTF-8"?>
<testng-results skipped="0" failed="0" ignored="0" total="5" passed="5">
  <reporter-output>
  </reporter-output>
  <suite name="Default suite" duration-ms="325967" started-at="2017-10-23T04:14:47Z" finished-at="2017-10-23T04:20:13Z">
    <groups>
    </groups>
    <test name="Default test" duration-ms="325967" started-at="2017-10-23T04:14:47Z" finished-at="2017-10-23T04:20:13Z">
      <class name="TestScenario.firstproj">
        <test-method status="PASS" signature="launchBrowser()[pri:0, instance:TestScenario.firstproj@5c3bd550]" name="launchBrowser" is-config="true" duration-ms="15236" started-at="2017-10-23T09:44:47Z" finished-at="2017-10-23T09:45:02Z">
          <reporter-output>
          </reporter-output>
        </test-method> <!-- launchBrowser -->
        <test-method status="PASS" signature="loginPage()[pri:1, instance:TestScenario.firstproj@5c3bd550]" name="loginPage" duration-ms="3237" started-at="2017-10-23T09:45:02Z" finished-at="2017-10-23T09:45:06Z">
          <reporter-output>
          </reporter-output>
        </test-method> <!-- loginPage -->
        <test-method status="PASS" signature="clickOnContact()[pri:2, instance:TestScenario.firstproj@5c3bd550]" name="clickOnContact" duration-ms="298087" started-at="2017-10-23T09:45:06Z" finished-at="2017-10-23T09:50:04Z">
          <reporter-output>
          </reporter-output>
        </test-method> <!-- clickOnContact -->
        <test-method status="PASS" signature="clickingNew()[pri:3, instance:TestScenario.firstproj@5c3bd550]" name="clickingNew" duration-ms="1133" started-at="2017-10-23T09:50:04Z" finished-at="2017-10-23T09:50:05Z">
          <reporter-output>
          </reporter-output>
        </test-method> <!-- clickingNew -->
        <test-method status="PASS" signature="setValuesNewPage()[pri:4, instance:TestScenario.firstproj@5c3bd550]" name="setValuesNewPage" duration-ms="8050" started-at="2017-10-23T09:50:05Z" finished-at="2017-10-23T09:50:13Z">
          <reporter-output>
          </reporter-output>
        </test-method> <!-- setValuesNewPage -->
        <test-method status="PASS" signature="read_Contact_Name()[pri:6, instance:TestScenario.firstproj@5c3bd550]" name="read_Contact_Name" duration-ms="196" started-at="2017-10-23T09:50:13Z" finished-at="2017-10-23T09:50:13Z">
          <reporter-output>
          </reporter-output>
        </test-method> <!-- read_Contact_Name -->
      </class> <!-- TestScenario.firstproj -->
    </test> <!-- Default test -->
  </suite> <!-- Default suite -->
</testng-results>
